<?xml version="1.0" encoding="UTF-8"?>
<Site BuildName="Win32-ninja"
	BuildStamp="20210414-2115-Experimental"
	Name="DESKTOP-8FOSE04"
	Generator="ctest-3.19.7"
	CompilerName="C:/Program Files (x86)/Microsoft Visual Studio/2019/Community/VC/Tools/Llvm/x64/bin/clang.exe"
	CompilerVersion="10.0.0"
	OSName="Windows"
	Hostname="DESKTOP-8FOSE04"
	OSRelease=" Personal"
	OSVersion=" (Build 19041)"
	OSPlatform="AMD64"
	Is64Bits="1"
	VendorString="AuthenticAMD"
	VendorID="Advanced Micro Devices"
	FamilyID="15"
	ModelID="8"
	ProcessorCacheSize="96"
	NumberOfLogicalCPU="12"
	NumberOfPhysicalCPU="6"
	TotalVirtualMemory="24267"
	TotalPhysicalMemory="16331"
	LogicalProcessorsPerPhysical="2"
	ProcessorClockFrequency="3393"
	>
	<Testing>
		<StartDateTime>Apr 14 23:59 W. Europe Daylight Time</StartDateTime>
		<StartTestTime>1618437583</StartTestTime>
		<TestList>
			<Test>./Test</Test>
		</TestList>
		<Test Status="passed">
			<Name>Test</Name>
			<Path>.</Path>
			<FullName>./Test</FullName>
			<FullCommandLine>C:\dev\cpp\NeuralNetwork\build\Test.exe</FullCommandLine>
			<Results>
				<NamedMeasurement type="numeric/double" name="Execution Time">
					<Value>0.0120956</Value>
				</NamedMeasurement>
				<NamedMeasurement type="numeric/double" name="Processors">
					<Value>1</Value>
				</NamedMeasurement>
				<NamedMeasurement type="text/string" name="Completion Status">
					<Value>Completed</Value>
				</NamedMeasurement>
				<NamedMeasurement type="text/string" name="Command Line">
					<Value>C:\dev\cpp\NeuralNetwork\build\Test.exe</Value>
				</NamedMeasurement>
				<NamedMeasurement type="text/string" name="Environment">
					<Value>#CTEST_RESOURCE_GROUP_COUNT=</Value>
				</NamedMeasurement>
				<Measurement>
					<Value encoding="base64" compression="gzip">eJyNksFuwjAMhu95Ch/poWFw5zDBNE1IDBXtVFVTKF4VKbWnJAWxp19KKjqQuuKLHevzHztx1hBpqqBWmiYJfFmuQcppxVwZ9Oj839DZclq10WeLy7IU+eJqBWSd1hxaxkWxeADX6OClyNOrFfBqeK9MBJCO2jLVSAFGnzbfd/AschfRDTaBFTlkHxu4WNHlZHRvpL1WRv/gYcnWYunNOeDR3teP4DB5gtolY01EDDx7ZRIxTC+ZKOjq+7b7vOzD8fYfLhsdoy//b5Shr/KobHrgE92uwvAKgFUkb28Kg22fd7uXVfseXaUUvzWy1PA=</Value>
				</Measurement>
			</Results>
		</Test>
		<EndDateTime>Apr 14 23:59 W. Europe Daylight Time</EndDateTime>
		<EndTestTime>1618437583</EndTestTime>
		<ElapsedMinutes>0</ElapsedMinutes>
	</Testing>
</Site>
